mode: set
github.com/ashakae/bookings/cmd/web/routes.go:12.49,38.2 18 1
github.com/ashakae/bookings/cmd/web/main.go:24.13,26.16 2 0
github.com/ashakae/bookings/cmd/web/main.go:30.2,36.16 3 0
github.com/ashakae/bookings/cmd/web/main.go:26.16,28.3 1 0
github.com/ashakae/bookings/cmd/web/main.go:39.18,52.16 10 1
github.com/ashakae/bookings/cmd/web/main.go:57.2,66.12 7 1
github.com/ashakae/bookings/cmd/web/main.go:52.16,55.3 2 0
github.com/ashakae/bookings/cmd/web/middleware.go:10.45,20.2 3 1
github.com/ashakae/bookings/cmd/web/middleware.go:23.50,25.2 1 1
